TOP 20 MALE TERMS:
professor 4731
good 3372
easy 2889
interesting 2882
hard 2526
helpful 2283
best 2108
teacher 1957
help 1828
nice 1671
no 1656
always 1655
work 1653
pretty 1550
difficult 1545
questions 1526
up 1481
most 1461
clear 1396
extremely 1377

TOP 20 FEMALE TERMS
professor 2622
easy 1958
teacher 1873
good 1863
interesting 1799
helpful 1713
hard 1568
help 1381
work 1376
nice 1353
best 1241
always 1159
extremely 989
no 967
recommend 927
up 916
definitely 895
pretty 894
questions 893
difficult 877

TOP 20 EXTREME FEMALE TERMS
helpful 377
knowledgeable 119
difficult 117
boring 114
hard 95
interesting 89
nice 82
intelligent 68
easy 64
clear 53
passionate 50
well 38
smart 34
fair 32
knowledgable 28
approachable 28
confusing 23
long 22
unclear 21
good 19
